Classic Timing Analyzer report for HW1
Wed Apr 05 22:44:12 2023
Quartus II Version 9.0 Build 235 06/17/2009 Service Pack 2 SJ Web Edition


---------------------
; Table of Contents ;
---------------------
  1. Legal Notice
  2. Timing Analyzer Summary
  3. Timing Analyzer Settings
  4. Parallel Compilation
  5. tpd
  6. Timing Analyzer Messages



----------------
; Legal Notice ;
----------------
Copyright (C) 1991-2009 Altera Corporation
Your use of Altera Corporation's design tools, logic functions 
and other software and tools, and its AMPP partner logic 
functions, and any output files from any of the foregoing 
(including device programming or simulation files), and any 
associated documentation or information are expressly subject 
to the terms and conditions of the Altera Program License 
Subscription Agreement, Altera MegaCore Function License 
Agreement, or other applicable license agreement, including, 
without limitation, that your use is for the sole purpose of 
programming logic devices manufactured by Altera and sold by 
Altera or its authorized distributors.  Please refer to the 
applicable agreement for further details.



+--------------------------------------------------------------------------------------------------------------------------+
; Timing Analyzer Summary                                                                                                  ;
+------------------------------+-------+---------------+-------------+------+-------+------------+----------+--------------+
; Type                         ; Slack ; Required Time ; Actual Time ; From ; To    ; From Clock ; To Clock ; Failed Paths ;
+------------------------------+-------+---------------+-------------+------+-------+------------+----------+--------------+
; Worst-case tpd               ; N/A   ; None          ; 11.063 ns   ; A[3] ; C_min ; --         ; --       ; 0            ;
; Total number of failed paths ;       ;               ;             ;      ;       ;            ;          ; 0            ;
+------------------------------+-------+---------------+-------------+------+-------+------------+----------+--------------+


+--------------------------------------------------------------------------------------------------------------------+
; Timing Analyzer Settings                                                                                           ;
+---------------------------------------------------------------------+--------------------+------+----+-------------+
; Option                                                              ; Setting            ; From ; To ; Entity Name ;
+---------------------------------------------------------------------+--------------------+------+----+-------------+
; Device Name                                                         ; EP2S15F484C3       ;      ;    ;             ;
; Timing Models                                                       ; Final              ;      ;    ;             ;
; Default hold multicycle                                             ; Same as Multicycle ;      ;    ;             ;
; Cut paths between unrelated clock domains                           ; On                 ;      ;    ;             ;
; Cut off read during write signal paths                              ; On                 ;      ;    ;             ;
; Cut off feedback from I/O pins                                      ; On                 ;      ;    ;             ;
; Report Combined Fast/Slow Timing                                    ; Off                ;      ;    ;             ;
; Ignore Clock Settings                                               ; Off                ;      ;    ;             ;
; Analyze latches as synchronous elements                             ; On                 ;      ;    ;             ;
; Enable Recovery/Removal analysis                                    ; Off                ;      ;    ;             ;
; Enable Clock Latency                                                ; Off                ;      ;    ;             ;
; Use TimeQuest Timing Analyzer                                       ; Off                ;      ;    ;             ;
; Number of source nodes to report per destination node               ; 10                 ;      ;    ;             ;
; Number of destination nodes to report                               ; 10                 ;      ;    ;             ;
; Number of paths to report                                           ; 200                ;      ;    ;             ;
; Report Minimum Timing Checks                                        ; Off                ;      ;    ;             ;
; Use Fast Timing Models                                              ; Off                ;      ;    ;             ;
; Report IO Paths Separately                                          ; Off                ;      ;    ;             ;
; Perform Multicorner Analysis                                        ; On                 ;      ;    ;             ;
; Reports the worst-case path for each clock domain and analysis      ; Off                ;      ;    ;             ;
; Removes common clock path pessimism (CCPP) during slack computation ; Off                ;      ;    ;             ;
; Output I/O Timing Endpoint                                          ; Near End           ;      ;    ;             ;
+---------------------------------------------------------------------+--------------------+------+----+-------------+


Parallel compilation was disabled, but you have multiple processors available. Enable parallel compilation to reduce compilation time.
+-------------------------------------+
; Parallel Compilation                ;
+----------------------------+--------+
; Processors                 ; Number ;
+----------------------------+--------+
; Number detected on machine ; 2      ;
; Maximum allowed            ; 1      ;
+----------------------------+--------+


+------------------------------------------------------------+
; tpd                                                        ;
+-------+-------------------+-----------------+------+-------+
; Slack ; Required P2P Time ; Actual P2P Time ; From ; To    ;
+-------+-------------------+-----------------+------+-------+
; N/A   ; None              ; 11.063 ns       ; A[3] ; C_min ;
; N/A   ; None              ; 10.680 ns       ; B[0] ; C_min ;
; N/A   ; None              ; 10.673 ns       ; C[1] ; C_min ;
; N/A   ; None              ; 10.572 ns       ; A[0] ; C_min ;
; N/A   ; None              ; 10.543 ns       ; B[3] ; C_min ;
; N/A   ; None              ; 10.531 ns       ; A[1] ; C_min ;
; N/A   ; None              ; 10.512 ns       ; B[1] ; C_min ;
; N/A   ; None              ; 10.416 ns       ; C[2] ; C_min ;
; N/A   ; None              ; 10.238 ns       ; C[3] ; C_min ;
; N/A   ; None              ; 10.158 ns       ; A[2] ; C_min ;
; N/A   ; None              ; 9.987 ns        ; A[3] ; B_min ;
; N/A   ; None              ; 9.809 ns        ; B[2] ; C_min ;
; N/A   ; None              ; 9.597 ns        ; C[1] ; B_min ;
; N/A   ; None              ; 9.496 ns        ; A[0] ; B_min ;
; N/A   ; None              ; 9.455 ns        ; A[1] ; B_min ;
; N/A   ; None              ; 9.340 ns        ; C[2] ; B_min ;
; N/A   ; None              ; 9.249 ns        ; B[1] ; B_min ;
; N/A   ; None              ; 9.167 ns        ; B[3] ; B_min ;
; N/A   ; None              ; 9.162 ns        ; C[3] ; B_min ;
; N/A   ; None              ; 9.156 ns        ; A[3] ; A_min ;
; N/A   ; None              ; 9.091 ns        ; B[0] ; B_min ;
; N/A   ; None              ; 9.082 ns        ; A[2] ; B_min ;
; N/A   ; None              ; 8.766 ns        ; C[1] ; A_min ;
; N/A   ; None              ; 8.665 ns        ; A[0] ; A_min ;
; N/A   ; None              ; 8.624 ns        ; A[1] ; A_min ;
; N/A   ; None              ; 8.510 ns        ; B[2] ; B_min ;
; N/A   ; None              ; 8.509 ns        ; C[2] ; A_min ;
; N/A   ; None              ; 8.418 ns        ; B[1] ; A_min ;
; N/A   ; None              ; 8.331 ns        ; C[3] ; A_min ;
; N/A   ; None              ; 8.260 ns        ; B[0] ; A_min ;
; N/A   ; None              ; 8.251 ns        ; A[2] ; A_min ;
; N/A   ; None              ; 8.031 ns        ; B[3] ; A_min ;
; N/A   ; None              ; 7.889 ns        ; C[0] ; C_min ;
; N/A   ; None              ; 7.646 ns        ; B[2] ; A_min ;
; N/A   ; None              ; 6.813 ns        ; C[0] ; B_min ;
; N/A   ; None              ; 5.982 ns        ; C[0] ; A_min ;
+-------+-------------------+-----------------+------+-------+


+--------------------------+
; Timing Analyzer Messages ;
+--------------------------+
Info: *******************************************************************
Info: Running Quartus II Classic Timing Analyzer
    Info: Version 9.0 Build 235 06/17/2009 Service Pack 2 SJ Web Edition
    Info: Processing started: Wed Apr 05 22:44:11 2023
Info: Command: quartus_tan --read_settings_files=off --write_settings_files=off HW1 -c HW1 --timing_analysis_only
Info: Longest tpd from source pin "A[3]" to destination pin "C_min" is 11.063 ns
    Info: 1: + IC(0.000 ns) + CELL(0.819 ns) = 0.819 ns; Loc. = PIN_A13; Fanout = 4; PIN Node = 'A[3]'
    Info: 2: + IC(4.771 ns) + CELL(0.225 ns) = 5.815 ns; Loc. = LCCOMB_X18_Y1_N26; Fanout = 1; COMB Node = 'LessThan1~1'
    Info: 3: + IC(0.265 ns) + CELL(0.378 ns) = 6.458 ns; Loc. = LCCOMB_X18_Y1_N30; Fanout = 3; COMB Node = 'process_0~4'
    Info: 4: + IC(0.218 ns) + CELL(0.053 ns) = 6.729 ns; Loc. = LCCOMB_X18_Y1_N14; Fanout = 1; COMB Node = 'C_min~2'
    Info: 5: + IC(2.326 ns) + CELL(2.008 ns) = 11.063 ns; Loc. = PIN_B13; Fanout = 0; PIN Node = 'C_min'
    Info: Total cell delay = 3.483 ns ( 31.48 % )
    Info: Total interconnect delay = 7.580 ns ( 68.52 % )
Info: Quartus II Classic Timing Analyzer was successful. 0 errors, 0 warnings
    Info: Peak virtual memory: 192 megabytes
    Info: Processing ended: Wed Apr 05 22:44:12 2023
    Info: Elapsed time: 00:00:01
    Info: Total CPU time (on all processors): 00:00:00


